<?xml version="1.0" encoding="UTF-8"?>
<!-- Generated by org.testng.reporters.JUnitReportReporter -->
<testsuite hostname="Lenovo-A" failures="0" tests="1" name="com.vtiger.ProdVendTest.Create_DummyTest" time="0.022" errors="0" timestamp="2022-02-01T17:30:18 IST" skipped="0">
  <testcase classname="com.vtiger.ProdVendTest.Create_DummyTest" name="testing" time="0.022"/>
  <system-out/>
</testsuite> <!-- com.vtiger.ProdVendTest.Create_DummyTest -->
