<?xml version="1.0" encoding="UTF-8"?>
<!-- Generated by org.testng.reporters.JUnitReportReporter -->
<testsuite hostname="Lenovo-A" failures="0" tests="1" name="com.vtiger.ProdVendTest.CreateVendorTest" time="41.067" errors="0" timestamp="2022-02-01T11:14:54 IST" skipped="0">
  <testcase classname="com.vtiger.ProdVendTest.CreateVendorTest" name="vendorCreateTest" time="41.067"/>
  <system-out/>
</testsuite> <!-- com.vtiger.ProdVendTest.CreateVendorTest -->
