<?xml version="1.0" encoding="UTF-8"?>
<!-- Generated by org.testng.reporters.JUnitReportReporter -->
<testsuite hostname="AvinashJ" failures="0" tests="1" name="com.vtiger.ProdVendTest.CreateVendorTest" time="7.543" errors="0" timestamp="2022-01-30T13:15:15 IST" skipped="0">
  <testcase classname="com.vtiger.ProdVendTest.CreateVendorTest" name="vendorCreateTest" time="7.543"/>
  <system-out/>
</testsuite> <!-- com.vtiger.ProdVendTest.CreateVendorTest -->
